Using pre-set license
Built from '2020.3/staging' branch; Version is '2020.3.4f1 (0abb6314276a) revision 703331'; Using compiler version '192528614'; Build Type 'Release'
OS: 'Windows 10 Home; OS build 19041.1052; Version 2004; 64bit' Language: 'pl' Physical Memory: 8134 MB
BatchMode: 1, IsHumanControllingUs: 0, StartBugReporterOnCrash: 0, Is64bit: 1, IsPro: 0

 COMMAND LINE ARGUMENTS:
D:\Unity\2020.3.4f1\Editor\Unity.exe
-adb2
-batchMode
-noUpm
-name
AssetImportWorker0
-projectPath
D:/Repo/Unity-games/Games/DYG - Defend Your Garden
-logFile
Logs/AssetImportWorker0.log
-srvPort
<<<<<<< HEAD
59093
Successfully changed project path to: D:/Repo/Unity-games/Games/DYG - Defend Your Garden
D:/Repo/Unity-games/Games/DYG - Defend Your Garden
Using Asset Import Pipeline V2.
Refreshing native plugins compatible for Editor in 436.16 ms, found 1 plugins.
=======
52014
Successfully changed project path to: D:/Repo/Unity-games/Games/DYG - Defend Your Garden
D:/Repo/Unity-games/Games/DYG - Defend Your Garden
Using Asset Import Pipeline V2.
Refreshing native plugins compatible for Editor in 47.83 ms, found 1 plugins.
>>>>>>> 686ebde4bc6f6b15bc8fbac8d468685ac08c5163
Preloading 0 native plugins for Editor in 0.00 ms.
Initialize engine version: 2020.3.4f1 (0abb6314276a)
[Subsystems] Discovering subsystems at path D:/Unity/2020.3.4f1/Editor/Data/Resources/UnitySubsystems
[Subsystems] Discovering subsystems at path D:/Repo/Unity-games/Games/DYG - Defend Your Garden/Assets
GfxDevice: creating device client; threaded=0
Direct3D:
    Version:  Direct3D 11.0 [level 11.1]
    Renderer: NVIDIA GeForce GTX 1060 6GB (ID=0x1b83)
    Vendor:   
    VRAM:     6052 MB
    Driver:   27.21.14.5671
Initialize mono
Mono path[0] = 'D:/Unity/2020.3.4f1/Editor/Data/Managed'
Mono path[1] = 'D:/Unity/2020.3.4f1/Editor/Data/MonoBleedingEdge/lib/mono/unityjit'
Mono config path = 'D:/Unity/2020.3.4f1/Editor/Data/MonoBleedingEdge/etc'
<<<<<<< HEAD
Using monoOptions --debugger-agent=transport=dt_socket,embedding=1,server=y,suspend=n,address=127.0.0.1:56572
=======
Using monoOptions --debugger-agent=transport=dt_socket,embedding=1,server=y,suspend=n,address=127.0.0.1:56196
>>>>>>> 686ebde4bc6f6b15bc8fbac8d468685ac08c5163
Begin MonoManager ReloadAssembly
Registering precompiled unity dll's ...
Register platform support module: D:/Unity/2020.3.4f1/Editor/Data/PlaybackEngines/WebGLSupport/UnityEditor.WebGL.Extensions.dll
Register platform support module: D:/Unity/2020.3.4f1/Editor/Data/PlaybackEngines/WindowsStandaloneSupport/UnityEditor.WindowsStandalone.Extensions.dll
<<<<<<< HEAD
Registered in 0.051721 seconds.
Native extension for WindowsStandalone target not found
Native extension for WebGL target not found
Refreshing native plugins compatible for Editor in 73.45 ms, found 1 plugins.
Preloading 0 native plugins for Editor in 0.00 ms.
Mono: successfully reloaded assembly
- Completed reload, in 16.636 seconds
Platform modules already initialized, skipping
Registering precompiled user dll's ...
Registered in 0.017221 seconds.
=======
Registered in 0.001279 seconds.
Native extension for WindowsStandalone target not found
Native extension for WebGL target not found
Refreshing native plugins compatible for Editor in 40.20 ms, found 1 plugins.
Preloading 0 native plugins for Editor in 0.00 ms.
Mono: successfully reloaded assembly
- Completed reload, in  1.532 seconds
Platform modules already initialized, skipping
Registering precompiled user dll's ...
Registered in 0.000804 seconds.
Begin MonoManager ReloadAssembly
Native extension for WindowsStandalone target not found
Native extension for WebGL target not found
Refreshing native plugins compatible for Editor in 35.95 ms, found 1 plugins.
Preloading 0 native plugins for Editor in 0.00 ms.
Mono: successfully reloaded assembly
- Completed reload, in  0.944 seconds
Platform modules already initialized, skipping
========================================================================
Worker process is ready to serve import requests
Launched and connected shader compiler UnityShaderCompiler.exe after 0.08 seconds
Refreshing native plugins compatible for Editor in 0.59 ms, found 1 plugins.
Preloading 0 native plugins for Editor in 0.00 ms.
Unloading 1865 Unused Serialized files (Serialized files now loaded: 0)
System memory in use before: 88.3 MB.
System memory in use after: 88.2 MB.

Unloading 24 unused Assets to reduce memory usage. Loaded Objects now: 2309.
Total: 2.033900 ms (FindLiveObjects: 0.170300 ms CreateObjectMapping: 0.063700 ms MarkObjects: 1.680200 ms  DeleteObjects: 0.118800 ms)

========================================================================
Received Import Request.
  path: Assets/Prefabs/Cactus.prefab
  artifactKey: Guid(2a8f169384de5b44cb73ea508d071592) Importer(815301076,1909f56bfc062723c751e8b465ee728b)
Start importing Assets/Prefabs/Cactus.prefab using Guid(2a8f169384de5b44cb73ea508d071592) Importer(815301076,1909f56bfc062723c751e8b465ee728b)  -> (artifact id: '17a92308a1c5b813faf899731343c356') in 0.408126 seconds
  Import took 0.457660 seconds .

AssetImportWorkerClient::OnTransportError - code=2 error=End of file
>>>>>>> 686ebde4bc6f6b15bc8fbac8d468685ac08c5163
